2025-04-02 14:29:29 [http-nio-8080-exec-3] INFO  c.c.b.aop.LoggingAspect - Incoming request to getBalanceInTheAccount with arguments: [c3a43942-ca92-4428-a8bd-0dccf2813b3e]
2025-04-02 14:29:29 [http-nio-8080-exec-3] INFO  c.c.b.aop.LoggingAspect - Incoming request to checkBalance with arguments: [c3a43942-ca92-4428-a8bd-0dccf2813b3e]
2025-04-02 14:29:29 [http-nio-8080-exec-3] INFO  c.c.b.aop.LoggingAspect - Incoming request to findByAccountUuid with arguments: [c3a43942-ca92-4428-a8bd-0dccf2813b3e]
2025-04-02 14:29:29 [http-nio-8080-exec-3] INFO  c.c.b.aop.LoggingAspect - Response from findByAccountUuid: Account(id=1, customer=Customer(id=1, customerName=John Doe, aadharNumber=234567890123, addressLine1=123 Main St, addressLine2=Apt 4B, city=Mumbai, state=Maharashtra, country=India, phoneNumber=919876543210), accountUuid=c3a43942-ca92-4428-a8bd-0dccf2813b3e, balance=69.00, status=ACTIVE)
2025-04-02 14:29:29 [http-nio-8080-exec-3] INFO  c.c.b.aop.LoggingAspect - Response from checkBalance: BalanceResponseDTO(amount=69.00)
2025-04-02 14:29:29 [http-nio-8080-exec-3] INFO  c.c.b.aop.LoggingAspect - Response from getBalanceInTheAccount: <200 OK OK,BalanceResponseDTO(amount=69.00),[]>
2025-04-02 14:29:56 [http-nio-8080-exec-2] INFO  c.c.b.aop.LoggingAspect - Incoming request to getAccountDetails with arguments: [c3a43942-ca92-4428-a8bd-0dccf2813b3e]
2025-04-02 14:29:56 [http-nio-8080-exec-2] INFO  c.c.b.aop.LoggingAspect - Incoming request to getAccountDetails with arguments: [c3a43942-ca92-4428-a8bd-0dccf2813b3e]
2025-04-02 14:29:56 [http-nio-8080-exec-2] INFO  c.c.b.aop.LoggingAspect - Incoming request to findByAccountUuid with arguments: [c3a43942-ca92-4428-a8bd-0dccf2813b3e]
2025-04-02 14:29:56 [http-nio-8080-exec-2] INFO  c.c.b.aop.LoggingAspect - Response from findByAccountUuid: Account(id=1, customer=Customer(id=1, customerName=John Doe, aadharNumber=234567890123, addressLine1=123 Main St, addressLine2=Apt 4B, city=Mumbai, state=Maharashtra, country=India, phoneNumber=919876543210), accountUuid=c3a43942-ca92-4428-a8bd-0dccf2813b3e, balance=69.00, status=ACTIVE)
2025-04-02 14:29:56 [http-nio-8080-exec-2] INFO  c.c.b.aop.LoggingAspect - Response from getAccountDetails: AccountResponseDTO(id=1, accountUuid=c3a43942-ca92-4428-a8bd-0dccf2813b3e, customerId=1, balance=69.00, status=ACTIVE)
2025-04-02 14:29:56 [http-nio-8080-exec-2] INFO  c.c.b.aop.LoggingAspect - Response from getAccountDetails: <200 OK OK,AccountResponseDTO(id=1, accountUuid=c3a43942-ca92-4428-a8bd-0dccf2813b3e, customerId=1, balance=69.00, status=ACTIVE),[]>
2025-04-02 14:49:39 [http-nio-8080-exec-1] INFO  c.c.b.aop.LoggingAspect - Incoming request to getAccountDetails with arguments: [c3a43942-ca92-4428-a8bd-0dccf2813b3e]
2025-04-02 14:49:39 [http-nio-8080-exec-1] INFO  c.c.b.aop.LoggingAspect - Incoming request to getAccountDetails with arguments: [c3a43942-ca92-4428-a8bd-0dccf2813b3e]
2025-04-02 14:49:39 [http-nio-8080-exec-1] INFO  c.c.b.aop.LoggingAspect - Incoming request to findByAccountUuid with arguments: [c3a43942-ca92-4428-a8bd-0dccf2813b3e]
2025-04-02 14:49:40 [http-nio-8080-exec-1] INFO  c.c.b.aop.LoggingAspect - Response from findByAccountUuid: Account(id=1, customer=Customer(id=1, customerName=John Doe, aadharNumber=234567890123, addressLine1=123 Main St, addressLine2=Apt 4B, city=Mumbai, state=Maharashtra, country=India, phoneNumber=919876543210), accountUuid=c3a43942-ca92-4428-a8bd-0dccf2813b3e, balance=69.00, status=ACTIVE)
2025-04-02 14:49:40 [http-nio-8080-exec-1] INFO  c.c.b.aop.LoggingAspect - Response from getAccountDetails: AccountResponseDTO(id=1, accountUuid=c3a43942-ca92-4428-a8bd-0dccf2813b3e, customerId=1, balance=69.00, status=ACTIVE)
2025-04-02 14:49:40 [http-nio-8080-exec-1] INFO  c.c.b.aop.LoggingAspect - Response from getAccountDetails: <200 OK OK,AccountResponseDTO(id=1, accountUuid=c3a43942-ca92-4428-a8bd-0dccf2813b3e, customerId=1, balance=69.00, status=ACTIVE),[]>
2025-04-02 14:51:32 [http-nio-8080-exec-5] INFO  c.c.b.aop.LoggingAspect - Incoming request to getAccountDetails with arguments: [c3a43942-ca92-4428-a8bd-0dccf2813b3e]
2025-04-02 14:51:32 [http-nio-8080-exec-5] INFO  c.c.b.aop.LoggingAspect - Incoming request to getAccountDetails with arguments: [c3a43942-ca92-4428-a8bd-0dccf2813b3e]
2025-04-02 14:51:32 [http-nio-8080-exec-5] INFO  c.c.b.aop.LoggingAspect - Incoming request to findByAccountUuid with arguments: [c3a43942-ca92-4428-a8bd-0dccf2813b3e]
2025-04-02 14:51:32 [http-nio-8080-exec-5] INFO  c.c.b.aop.LoggingAspect - Response from findByAccountUuid: Account(id=1, customer=Customer(id=1, customerName=John Doe, aadharNumber=234567890123, addressLine1=123 Main St, addressLine2=Apt 4B, city=Mumbai, state=Maharashtra, country=India, phoneNumber=919876543210), accountUuid=c3a43942-ca92-4428-a8bd-0dccf2813b3e, balance=69.00, status=ACTIVE)
2025-04-02 14:51:32 [http-nio-8080-exec-5] INFO  c.c.b.aop.LoggingAspect - Response from getAccountDetails: AccountResponseDTO(id=1, accountUuid=c3a43942-ca92-4428-a8bd-0dccf2813b3e, customerId=1, balance=69.00, status=ACTIVE)
2025-04-02 14:51:32 [http-nio-8080-exec-5] INFO  c.c.b.aop.LoggingAspect - Response from getAccountDetails: <200 OK OK,AccountResponseDTO(id=1, accountUuid=c3a43942-ca92-4428-a8bd-0dccf2813b3e, customerId=1, balance=69.00, status=ACTIVE),[]>
2025-04-02 14:53:10 [http-nio-8080-exec-8] INFO  c.c.b.aop.LoggingAspect - Incoming request to createCustomer with arguments: [CustomerRequestDTO(customerName=John Doe, aadharNumber=234567890123, addressLine1=123 Main St, addressLine2=Apt 4B, city=Mumbai, state=Maharashtra, country=India, phoneNumber=919876543210)]
2025-04-02 14:53:10 [http-nio-8080-exec-8] INFO  c.c.b.aop.LoggingAspect - Incoming request to createCustomer with arguments: [CustomerRequestDTO(customerName=John Doe, aadharNumber=234567890123, addressLine1=123 Main St, addressLine2=Apt 4B, city=Mumbai, state=Maharashtra, country=India, phoneNumber=919876543210)]
2025-04-02 14:53:10 [http-nio-8080-exec-8] INFO  c.c.b.aop.LoggingAspect - Incoming request to save with arguments: [Customer(id=null, customerName=John Doe, aadharNumber=234567890123, addressLine1=123 Main St, addressLine2=Apt 4B, city=Mumbai, state=Maharashtra, country=India, phoneNumber=919876543210)]
2025-04-02 14:53:11 [http-nio-8080-exec-8] INFO  c.c.b.aop.LoggingAspect - Incoming request to handleInvalidInput with arguments: [com.copart.bankingApplication.exceptions.InvalidInputException: Aadhaar number 234567890123 already exists]
2025-04-02 14:53:11 [http-nio-8080-exec-8] INFO  c.c.b.aop.LoggingAspect - Response from handleInvalidInput: <400 BAD_REQUEST Bad Request,Aadhaar number 234567890123 already exists,[]>
2025-04-02 14:53:43 [http-nio-8080-exec-10] INFO  c.c.b.aop.LoggingAspect - Incoming request to createAccount with arguments: [AccountRequestDTO(customerId=1, initialBalance=120.69)]
2025-04-02 14:53:43 [http-nio-8080-exec-10] INFO  c.c.b.aop.LoggingAspect - Incoming request to createAccount with arguments: [AccountRequestDTO(customerId=1, initialBalance=120.69)]
2025-04-02 14:53:43 [http-nio-8080-exec-10] INFO  c.c.b.aop.LoggingAspect - Incoming request to findById with arguments: [1]
2025-04-02 14:53:43 [http-nio-8080-exec-10] INFO  c.c.b.aop.LoggingAspect - Response from findById: Optional[Customer(id=1, customerName=John Doe, aadharNumber=234567890123, addressLine1=123 Main St, addressLine2=Apt 4B, city=Mumbai, state=Maharashtra, country=India, phoneNumber=919876543210)]
2025-04-02 14:53:43 [http-nio-8080-exec-10] INFO  c.c.b.aop.LoggingAspect - Incoming request to save with arguments: [Account(id=null, customer=Customer(id=1, customerName=John Doe, aadharNumber=234567890123, addressLine1=123 Main St, addressLine2=Apt 4B, city=Mumbai, state=Maharashtra, country=India, phoneNumber=919876543210), accountUuid=eb0a9d15-99bf-4f88-95a0-c017cb640b7a, balance=120.69, status=ACTIVE)]
2025-04-02 14:53:43 [http-nio-8080-exec-10] INFO  c.c.b.aop.LoggingAspect - Response from save: Account(id=2, customer=Customer(id=1, customerName=John Doe, aadharNumber=234567890123, addressLine1=123 Main St, addressLine2=Apt 4B, city=Mumbai, state=Maharashtra, country=India, phoneNumber=919876543210), accountUuid=eb0a9d15-99bf-4f88-95a0-c017cb640b7a, balance=120.69, status=ACTIVE)
2025-04-02 14:53:43 [http-nio-8080-exec-10] INFO  c.c.b.aop.LoggingAspect - Response from createAccount: AccountResponseDTO(id=2, accountUuid=eb0a9d15-99bf-4f88-95a0-c017cb640b7a, customerId=1, balance=120.69, status=ACTIVE)
2025-04-02 14:53:43 [http-nio-8080-exec-10] INFO  c.c.b.aop.LoggingAspect - Response from createAccount: <200 OK OK,AccountResponseDTO(id=2, accountUuid=eb0a9d15-99bf-4f88-95a0-c017cb640b7a, customerId=1, balance=120.69, status=ACTIVE),[]>
2025-04-02 14:54:29 [http-nio-8080-exec-2] INFO  c.c.b.aop.LoggingAspect - Incoming request to deposit with arguments: [c3a43942-ca92-4428-a8bd-0dccf2813b3e, TransactionRequestDTO(amount=69)]
2025-04-02 14:54:29 [http-nio-8080-exec-2] INFO  c.c.b.aop.LoggingAspect - Incoming request to deposit with arguments: [c3a43942-ca92-4428-a8bd-0dccf2813b3e, TransactionRequestDTO(amount=69)]
2025-04-02 14:54:29 [http-nio-8080-exec-2] INFO  c.c.b.aop.LoggingAspect - Incoming request to findByAccountUuid with arguments: [c3a43942-ca92-4428-a8bd-0dccf2813b3e]
2025-04-02 14:54:29 [http-nio-8080-exec-2] INFO  c.c.b.aop.LoggingAspect - Response from findByAccountUuid: Account(id=1, customer=Customer(id=1, customerName=John Doe, aadharNumber=234567890123, addressLine1=123 Main St, addressLine2=Apt 4B, city=Mumbai, state=Maharashtra, country=India, phoneNumber=919876543210), accountUuid=c3a43942-ca92-4428-a8bd-0dccf2813b3e, balance=69.00, status=ACTIVE)
2025-04-02 14:54:29 [http-nio-8080-exec-2] INFO  c.c.b.aop.LoggingAspect - Incoming request to save with arguments: [Account(id=1, customer=Customer(id=1, customerName=John Doe, aadharNumber=234567890123, addressLine1=123 Main St, addressLine2=Apt 4B, city=Mumbai, state=Maharashtra, country=India, phoneNumber=919876543210), accountUuid=c3a43942-ca92-4428-a8bd-0dccf2813b3e, balance=138.00, status=ACTIVE)]
2025-04-02 14:54:29 [http-nio-8080-exec-2] INFO  c.c.b.aop.LoggingAspect - Response from save: Account(id=1, customer=Customer(id=1, customerName=John Doe, aadharNumber=234567890123, addressLine1=123 Main St, addressLine2=Apt 4B, city=Mumbai, state=Maharashtra, country=India, phoneNumber=919876543210), accountUuid=c3a43942-ca92-4428-a8bd-0dccf2813b3e, balance=138.00, status=ACTIVE)
2025-04-02 14:54:29 [http-nio-8080-exec-2] INFO  c.c.b.aop.LoggingAspect - Response from deposit: AccountResponseDTO(id=1, accountUuid=c3a43942-ca92-4428-a8bd-0dccf2813b3e, customerId=1, balance=138.00, status=ACTIVE)
2025-04-02 14:54:29 [http-nio-8080-exec-2] INFO  c.c.b.aop.LoggingAspect - Response from deposit: <200 OK OK,AccountResponseDTO(id=1, accountUuid=c3a43942-ca92-4428-a8bd-0dccf2813b3e, customerId=1, balance=138.00, status=ACTIVE),[]>
2025-04-02 14:55:02 [http-nio-8080-exec-1] INFO  c.c.b.aop.LoggingAspect - Incoming request to withdraw with arguments: [c3a43942-ca92-4428-a8bd-0dccf2813b3e, TransactionRequestDTO(amount=121)]
2025-04-02 14:55:02 [http-nio-8080-exec-1] INFO  c.c.b.aop.LoggingAspect - Incoming request to withdraw with arguments: [c3a43942-ca92-4428-a8bd-0dccf2813b3e, TransactionRequestDTO(amount=121)]
2025-04-02 14:55:02 [http-nio-8080-exec-1] INFO  c.c.b.aop.LoggingAspect - Incoming request to findByAccountUuid with arguments: [c3a43942-ca92-4428-a8bd-0dccf2813b3e]
2025-04-02 14:55:02 [http-nio-8080-exec-1] INFO  c.c.b.aop.LoggingAspect - Response from findByAccountUuid: Account(id=1, customer=Customer(id=1, customerName=John Doe, aadharNumber=234567890123, addressLine1=123 Main St, addressLine2=Apt 4B, city=Mumbai, state=Maharashtra, country=India, phoneNumber=919876543210), accountUuid=c3a43942-ca92-4428-a8bd-0dccf2813b3e, balance=138.00, status=ACTIVE)
2025-04-02 14:55:02 [http-nio-8080-exec-1] INFO  c.c.b.aop.LoggingAspect - Incoming request to save with arguments: [Account(id=1, customer=Customer(id=1, customerName=John Doe, aadharNumber=234567890123, addressLine1=123 Main St, addressLine2=Apt 4B, city=Mumbai, state=Maharashtra, country=India, phoneNumber=919876543210), accountUuid=c3a43942-ca92-4428-a8bd-0dccf2813b3e, balance=17.00, status=ACTIVE)]
2025-04-02 14:55:02 [http-nio-8080-exec-1] INFO  c.c.b.aop.LoggingAspect - Response from save: Account(id=1, customer=Customer(id=1, customerName=John Doe, aadharNumber=234567890123, addressLine1=123 Main St, addressLine2=Apt 4B, city=Mumbai, state=Maharashtra, country=India, phoneNumber=919876543210), accountUuid=c3a43942-ca92-4428-a8bd-0dccf2813b3e, balance=17.00, status=ACTIVE)
2025-04-02 14:55:02 [http-nio-8080-exec-1] INFO  c.c.b.aop.LoggingAspect - Response from withdraw: AccountResponseDTO(id=1, accountUuid=c3a43942-ca92-4428-a8bd-0dccf2813b3e, customerId=1, balance=17.00, status=ACTIVE)
2025-04-02 14:55:02 [http-nio-8080-exec-1] INFO  c.c.b.aop.LoggingAspect - Response from withdraw: <200 OK OK,AccountResponseDTO(id=1, accountUuid=c3a43942-ca92-4428-a8bd-0dccf2813b3e, customerId=1, balance=17.00, status=ACTIVE),[]>
2025-04-02 14:55:32 [http-nio-8080-exec-3] INFO  c.c.b.aop.LoggingAspect - Incoming request to inactivateAccount with arguments: [c3a43942-ca92-4428-a8bd-0dccf2813b3e]
2025-04-02 14:55:32 [http-nio-8080-exec-3] INFO  c.c.b.aop.LoggingAspect - Incoming request to inactivateAccount with arguments: [c3a43942-ca92-4428-a8bd-0dccf2813b3e]
2025-04-02 14:55:32 [http-nio-8080-exec-3] INFO  c.c.b.aop.LoggingAspect - Incoming request to findByAccountUuid with arguments: [c3a43942-ca92-4428-a8bd-0dccf2813b3e]
2025-04-02 14:55:32 [http-nio-8080-exec-3] INFO  c.c.b.aop.LoggingAspect - Response from findByAccountUuid: Account(id=1, customer=Customer(id=1, customerName=John Doe, aadharNumber=234567890123, addressLine1=123 Main St, addressLine2=Apt 4B, city=Mumbai, state=Maharashtra, country=India, phoneNumber=919876543210), accountUuid=c3a43942-ca92-4428-a8bd-0dccf2813b3e, balance=17.00, status=ACTIVE)
2025-04-02 14:55:32 [http-nio-8080-exec-3] INFO  c.c.b.aop.LoggingAspect - Incoming request to save with arguments: [Account(id=1, customer=Customer(id=1, customerName=John Doe, aadharNumber=234567890123, addressLine1=123 Main St, addressLine2=Apt 4B, city=Mumbai, state=Maharashtra, country=India, phoneNumber=919876543210), accountUuid=c3a43942-ca92-4428-a8bd-0dccf2813b3e, balance=17.00, status=INACTIVE)]
2025-04-02 14:55:32 [http-nio-8080-exec-3] INFO  c.c.b.aop.LoggingAspect - Response from save: Account(id=1, customer=Customer(id=1, customerName=John Doe, aadharNumber=234567890123, addressLine1=123 Main St, addressLine2=Apt 4B, city=Mumbai, state=Maharashtra, country=India, phoneNumber=919876543210), accountUuid=c3a43942-ca92-4428-a8bd-0dccf2813b3e, balance=17.00, status=INACTIVE)
2025-04-02 14:55:32 [http-nio-8080-exec-3] INFO  c.c.b.aop.LoggingAspect - Response from inactivateAccount: null
2025-04-02 14:55:32 [http-nio-8080-exec-3] INFO  c.c.b.aop.LoggingAspect - Response from inactivateAccount: <200 OK OK,Account inactivated successfully,[]>
2025-04-02 14:55:50 [http-nio-8080-exec-4] INFO  c.c.b.aop.LoggingAspect - Incoming request to activateAccount with arguments: [c3a43942-ca92-4428-a8bd-0dccf2813b3e]
2025-04-02 14:55:50 [http-nio-8080-exec-4] INFO  c.c.b.aop.LoggingAspect - Incoming request to activateAccount with arguments: [c3a43942-ca92-4428-a8bd-0dccf2813b3e]
2025-04-02 14:55:50 [http-nio-8080-exec-4] INFO  c.c.b.aop.LoggingAspect - Incoming request to findByAccountUuid with arguments: [c3a43942-ca92-4428-a8bd-0dccf2813b3e]
2025-04-02 14:55:50 [http-nio-8080-exec-4] INFO  c.c.b.aop.LoggingAspect - Response from findByAccountUuid: Account(id=1, customer=Customer(id=1, customerName=John Doe, aadharNumber=234567890123, addressLine1=123 Main St, addressLine2=Apt 4B, city=Mumbai, state=Maharashtra, country=India, phoneNumber=919876543210), accountUuid=c3a43942-ca92-4428-a8bd-0dccf2813b3e, balance=17.00, status=INACTIVE)
2025-04-02 14:55:50 [http-nio-8080-exec-4] INFO  c.c.b.aop.LoggingAspect - Incoming request to save with arguments: [Account(id=1, customer=Customer(id=1, customerName=John Doe, aadharNumber=234567890123, addressLine1=123 Main St, addressLine2=Apt 4B, city=Mumbai, state=Maharashtra, country=India, phoneNumber=919876543210), accountUuid=c3a43942-ca92-4428-a8bd-0dccf2813b3e, balance=17.00, status=ACTIVE)]
2025-04-02 14:55:50 [http-nio-8080-exec-4] INFO  c.c.b.aop.LoggingAspect - Response from save: Account(id=1, customer=Customer(id=1, customerName=John Doe, aadharNumber=234567890123, addressLine1=123 Main St, addressLine2=Apt 4B, city=Mumbai, state=Maharashtra, country=India, phoneNumber=919876543210), accountUuid=c3a43942-ca92-4428-a8bd-0dccf2813b3e, balance=17.00, status=ACTIVE)
2025-04-02 14:55:50 [http-nio-8080-exec-4] INFO  c.c.b.aop.LoggingAspect - Response from activateAccount: null
2025-04-02 14:55:50 [http-nio-8080-exec-4] INFO  c.c.b.aop.LoggingAspect - Response from activateAccount: <200 OK OK,Account activated successfully,[]>
2025-04-02 14:56:03 [http-nio-8080-exec-5] INFO  c.c.b.aop.LoggingAspect - Incoming request to activateAccount with arguments: [c3a43942-ca92-4428-a8bd-0dccf2813b3e]
2025-04-02 14:56:03 [http-nio-8080-exec-5] INFO  c.c.b.aop.LoggingAspect - Incoming request to activateAccount with arguments: [c3a43942-ca92-4428-a8bd-0dccf2813b3e]
2025-04-02 14:56:03 [http-nio-8080-exec-5] INFO  c.c.b.aop.LoggingAspect - Incoming request to findByAccountUuid with arguments: [c3a43942-ca92-4428-a8bd-0dccf2813b3e]
2025-04-02 14:56:03 [http-nio-8080-exec-5] INFO  c.c.b.aop.LoggingAspect - Response from findByAccountUuid: Account(id=1, customer=Customer(id=1, customerName=John Doe, aadharNumber=234567890123, addressLine1=123 Main St, addressLine2=Apt 4B, city=Mumbai, state=Maharashtra, country=India, phoneNumber=919876543210), accountUuid=c3a43942-ca92-4428-a8bd-0dccf2813b3e, balance=17.00, status=ACTIVE)
2025-04-02 14:56:03 [http-nio-8080-exec-5] INFO  c.c.b.aop.LoggingAspect - Incoming request to save with arguments: [Account(id=1, customer=Customer(id=1, customerName=John Doe, aadharNumber=234567890123, addressLine1=123 Main St, addressLine2=Apt 4B, city=Mumbai, state=Maharashtra, country=India, phoneNumber=919876543210), accountUuid=c3a43942-ca92-4428-a8bd-0dccf2813b3e, balance=17.00, status=ACTIVE)]
2025-04-02 14:56:03 [http-nio-8080-exec-5] INFO  c.c.b.aop.LoggingAspect - Response from save: Account(id=1, customer=Customer(id=1, customerName=John Doe, aadharNumber=234567890123, addressLine1=123 Main St, addressLine2=Apt 4B, city=Mumbai, state=Maharashtra, country=India, phoneNumber=919876543210), accountUuid=c3a43942-ca92-4428-a8bd-0dccf2813b3e, balance=17.00, status=ACTIVE)
2025-04-02 14:56:03 [http-nio-8080-exec-5] INFO  c.c.b.aop.LoggingAspect - Response from activateAccount: null
2025-04-02 14:56:03 [http-nio-8080-exec-5] INFO  c.c.b.aop.LoggingAspect - Response from activateAccount: <200 OK OK,Account activated successfully,[]>
2025-04-02 14:56:11 [http-nio-8080-exec-6] INFO  c.c.b.aop.LoggingAspect - Incoming request to getBalanceInTheAccount with arguments: [c3a43942-ca92-4428-a8bd-0dccf2813b3e]
2025-04-02 14:56:11 [http-nio-8080-exec-6] INFO  c.c.b.aop.LoggingAspect - Incoming request to checkBalance with arguments: [c3a43942-ca92-4428-a8bd-0dccf2813b3e]
2025-04-02 14:56:11 [http-nio-8080-exec-6] INFO  c.c.b.aop.LoggingAspect - Incoming request to findByAccountUuid with arguments: [c3a43942-ca92-4428-a8bd-0dccf2813b3e]
2025-04-02 14:56:11 [http-nio-8080-exec-6] INFO  c.c.b.aop.LoggingAspect - Response from findByAccountUuid: Account(id=1, customer=Customer(id=1, customerName=John Doe, aadharNumber=234567890123, addressLine1=123 Main St, addressLine2=Apt 4B, city=Mumbai, state=Maharashtra, country=India, phoneNumber=919876543210), accountUuid=c3a43942-ca92-4428-a8bd-0dccf2813b3e, balance=17.00, status=ACTIVE)
2025-04-02 14:56:11 [http-nio-8080-exec-6] INFO  c.c.b.aop.LoggingAspect - Response from checkBalance: BalanceResponseDTO(amount=17.00)
2025-04-02 14:56:11 [http-nio-8080-exec-6] INFO  c.c.b.aop.LoggingAspect - Response from getBalanceInTheAccount: <200 OK OK,BalanceResponseDTO(amount=17.00),[]>
